<?xml version="1.0" encoding="UTF-8"?>
<testsuite xmlns:xsi="http://www.w3.org/2001/XMLSchema-instance" xsi:noNamespaceSchemaLocation="https://maven.apache.org/surefire/maven-surefire-plugin/xsd/surefire-test-report.xsd" name="com.uni.ApiGatewayApplicationTests" time="5.416" tests="1" errors="0" skipped="0" failures="0">
  <properties>
    <property name="java.specification.version" value="19"/>
    <property name="sun.jnu.encoding" value="UTF-8"/>
    <property name="java.class.path" value="/home/tung/be-web-faq/apigatewayservice/target/test-classes:/home/tung/be-web-faq/apigatewayservice/target/classes:/home/tung/be-web-faq/apigatewayservice/repository/org/springframework/cloud/spring-cloud-starter-gateway/4.0.0-RC2/spring-cloud-starter-gateway-4.0.0-RC2.jar:/home/tung/be-web-faq/apigatewayservice/repository/org/springframework/cloud/spring-cloud-starter/4.0.0-RC2/spring-cloud-starter-4.0.0-RC2.jar:/home/tung/be-web-faq/apigatewayservice/repository/org/springframework/cloud/spring-cloud-context/4.0.0-RC2/spring-cloud-context-4.0.0-RC2.jar:/home/tung/be-web-faq/apigatewayservice/repository/org/springframework/security/spring-security-crypto/6.0.0/spring-security-crypto-6.0.0.jar:/home/tung/be-web-faq/apigatewayservice/repository/org/springframework/cloud/spring-cloud-commons/4.0.0-RC2/spring-cloud-commons-4.0.0-RC2.jar:/home/tung/be-web-faq/apigatewayservice/repository/org/springframework/security/spring-security-rsa/1.0.11.RELEASE/spring-security-rsa-1.0.11.RELEASE.jar:/home/tung/be-web-faq/apigatewayservice/repository/org/bouncycastle/bcpkix-jdk15on/1.69/bcpkix-jdk15on-1.69.jar:/home/tung/be-web-faq/apigatewayservice/repository/org/bouncycastle/bcprov-jdk15on/1.69/bcprov-jdk15on-1.69.jar:/home/tung/be-web-faq/apigatewayservice/repository/org/bouncycastle/bcutil-jdk15on/1.69/bcutil-jdk15on-1.69.jar:/home/tung/be-web-faq/apigatewayservice/repository/org/springframework/cloud/spring-cloud-gateway-server/4.0.0-RC2/spring-cloud-gateway-server-4.0.0-RC2.jar:/home/tung/be-web-faq/apigatewayservice/repository/org/springframework/boot/spring-boot-starter-validation/3.0.0/spring-boot-starter-validation-3.0.0.jar:/home/tung/be-web-faq/apigatewayservice/repository/org/apache/tomcat/embed/tomcat-embed-el/10.1.1/tomcat-embed-el-10.1.1.jar:/home/tung/be-web-faq/apigatewayservice/repository/org/hibernate/validator/hibernate-validator/8.0.0.Final/hibernate-validator-8.0.0.Final.jar:/home/tung/be-web-faq/apigatewayservice/repository/jakarta/validation/jakarta.validation-api/3.0.2/jakarta.validation-api-3.0.2.jar:/home/tung/be-web-faq/apigatewayservice/repository/org/jboss/logging/jboss-logging/3.5.0.Final/jboss-logging-3.5.0.Final.jar:/home/tung/be-web-faq/apigatewayservice/repository/com/fasterxml/classmate/1.5.1/classmate-1.5.1.jar:/home/tung/be-web-faq/apigatewayservice/repository/io/projectreactor/addons/reactor-extra/3.5.0/reactor-extra-3.5.0.jar:/home/tung/be-web-faq/apigatewayservice/repository/io/projectreactor/reactor-core/3.5.0/reactor-core-3.5.0.jar:/home/tung/be-web-faq/apigatewayservice/repository/org/reactivestreams/reactive-streams/1.0.4/reactive-streams-1.0.4.jar:/home/tung/be-web-faq/apigatewayservice/repository/org/springframework/boot/spring-boot-starter-webflux/3.0.0/spring-boot-starter-webflux-3.0.0.jar:/home/tung/be-web-faq/apigatewayservice/repository/org/springframework/boot/spring-boot-starter-json/3.0.0/spring-boot-starter-json-3.0.0.jar:/home/tung/be-web-faq/apigatewayservice/repository/com/fasterxml/jackson/datatype/jackson-datatype-jdk8/2.14.1/jackson-datatype-jdk8-2.14.1.jar:/home/tung/be-web-faq/apigatewayservice/repository/com/fasterxml/jackson/module/jackson-module-parameter-names/2.14.1/jackson-module-parameter-names-2.14.1.jar:/home/tung/be-web-faq/apigatewayservice/repository/org/springframework/boot/spring-boot-starter-reactor-netty/3.0.0/spring-boot-starter-reactor-netty-3.0.0.jar:/home/tung/be-web-faq/apigatewayservice/repository/io/projectreactor/netty/reactor-netty-http/1.1.0/reactor-netty-http-1.1.0.jar:/home/tung/be-web-faq/apigatewayservice/repository/io/netty/netty-codec-http/4.1.85.Final/netty-codec-http-4.1.85.Final.jar:/home/tung/be-web-faq/apigatewayservice/repository/io/netty/netty-common/4.1.85.Final/netty-common-4.1.85.Final.jar:/home/tung/be-web-faq/apigatewayservice/repository/io/netty/netty-buffer/4.1.85.Final/netty-buffer-4.1.85.Final.jar:/home/tung/be-web-faq/apigatewayservice/repository/io/netty/netty-transport/4.1.85.Final/netty-transport-4.1.85.Final.jar:/home/tung/be-web-faq/apigatewayservice/repository/io/netty/netty-codec/4.1.85.Final/netty-codec-4.1.85.Final.jar:/home/tung/be-web-faq/apigatewayservice/repository/io/netty/netty-handler/4.1.85.Final/netty-handler-4.1.85.Final.jar:/home/tung/be-web-faq/apigatewayservice/repository/io/netty/netty-codec-http2/4.1.85.Final/netty-codec-http2-4.1.85.Final.jar:/home/tung/be-web-faq/apigatewayservice/repository/io/netty/netty-resolver-dns/4.1.85.Final/netty-resolver-dns-4.1.85.Final.jar:/home/tung/be-web-faq/apigatewayservice/repository/io/netty/netty-resolver/4.1.85.Final/netty-resolver-4.1.85.Final.jar:/home/tung/be-web-faq/apigatewayservice/repository/io/netty/netty-codec-dns/4.1.85.Final/netty-codec-dns-4.1.85.Final.jar:/home/tung/be-web-faq/apigatewayservice/repository/io/netty/netty-resolver-dns-native-macos/4.1.85.Final/netty-resolver-dns-native-macos-4.1.85.Final-osx-x86_64.jar:/home/tung/be-web-faq/apigatewayservice/repository/io/netty/netty-resolver-dns-classes-macos/4.1.85.Final/netty-resolver-dns-classes-macos-4.1.85.Final.jar:/home/tung/be-web-faq/apigatewayservice/repository/io/netty/netty-transport-native-epoll/4.1.85.Final/netty-transport-native-epoll-4.1.85.Final-linux-x86_64.jar:/home/tung/be-web-faq/apigatewayservice/repository/io/netty/netty-transport-native-unix-common/4.1.85.Final/netty-transport-native-unix-common-4.1.85.Final.jar:/home/tung/be-web-faq/apigatewayservice/repository/io/netty/netty-transport-classes-epoll/4.1.85.Final/netty-transport-classes-epoll-4.1.85.Final.jar:/home/tung/be-web-faq/apigatewayservice/repository/io/projectreactor/netty/reactor-netty-core/1.1.0/reactor-netty-core-1.1.0.jar:/home/tung/be-web-faq/apigatewayservice/repository/io/netty/netty-handler-proxy/4.1.85.Final/netty-handler-proxy-4.1.85.Final.jar:/home/tung/be-web-faq/apigatewayservice/repository/io/netty/netty-codec-socks/4.1.85.Final/netty-codec-socks-4.1.85.Final.jar:/home/tung/be-web-faq/apigatewayservice/repository/org/springframework/spring-web/6.0.2/spring-web-6.0.2.jar:/home/tung/be-web-faq/apigatewayservice/repository/org/springframework/spring-beans/6.0.2/spring-beans-6.0.2.jar:/home/tung/be-web-faq/apigatewayservice/repository/org/springframework/spring-webflux/6.0.2/spring-webflux-6.0.2.jar:/home/tung/be-web-faq/apigatewayservice/repository/org/springframework/boot/spring-boot-starter-test/3.0.0/spring-boot-starter-test-3.0.0.jar:/home/tung/be-web-faq/apigatewayservice/repository/org/springframework/boot/spring-boot-starter/3.0.0/spring-boot-starter-3.0.0.jar:/home/tung/be-web-faq/apigatewayservice/repository/org/springframework/boot/spring-boot/3.0.0/spring-boot-3.0.0.jar:/home/tung/be-web-faq/apigatewayservice/repository/org/springframework/spring-context/6.0.2/spring-context-6.0.2.jar:/home/tung/be-web-faq/apigatewayservice/repository/org/springframework/spring-aop/6.0.2/spring-aop-6.0.2.jar:/home/tung/be-web-faq/apigatewayservice/repository/org/springframework/spring-expression/6.0.2/spring-expression-6.0.2.jar:/home/tung/be-web-faq/apigatewayservice/repository/org/springframework/boot/spring-boot-autoconfigure/3.0.0/spring-boot-autoconfigure-3.0.0.jar:/home/tung/be-web-faq/apigatewayservice/repository/org/springframework/boot/spring-boot-starter-logging/3.0.0/spring-boot-starter-logging-3.0.0.jar:/home/tung/be-web-faq/apigatewayservice/repository/ch/qos/logback/logback-classic/1.4.5/logback-classic-1.4.5.jar:/home/tung/be-web-faq/apigatewayservice/repository/ch/qos/logback/logback-core/1.4.5/logback-core-1.4.5.jar:/home/tung/be-web-faq/apigatewayservice/repository/org/apache/logging/log4j/log4j-to-slf4j/2.19.0/log4j-to-slf4j-2.19.0.jar:/home/tung/be-web-faq/apigatewayservice/repository/org/apache/logging/log4j/log4j-api/2.19.0/log4j-api-2.19.0.jar:/home/tung/be-web-faq/apigatewayservice/repository/org/slf4j/jul-to-slf4j/2.0.4/jul-to-slf4j-2.0.4.jar:/home/tung/be-web-faq/apigatewayservice/repository/jakarta/annotation/jakarta.annotation-api/2.1.1/jakarta.annotation-api-2.1.1.jar:/home/tung/be-web-faq/apigatewayservice/repository/org/yaml/snakeyaml/1.33/snakeyaml-1.33.jar:/home/tung/be-web-faq/apigatewayservice/repository/org/springframework/boot/spring-boot-test/3.0.0/spring-boot-test-3.0.0.jar:/home/tung/be-web-faq/apigatewayservice/repository/org/springframework/boot/spring-boot-test-autoconfigure/3.0.0/spring-boot-test-autoconfigure-3.0.0.jar:/home/tung/be-web-faq/apigatewayservice/repository/com/jayway/jsonpath/json-path/2.7.0/json-path-2.7.0.jar:/home/tung/be-web-faq/apigatewayservice/repository/net/minidev/json-smart/2.4.8/json-smart-2.4.8.jar:/home/tung/be-web-faq/apigatewayservice/repository/net/minidev/accessors-smart/2.4.8/accessors-smart-2.4.8.jar:/home/tung/be-web-faq/apigatewayservice/repository/org/ow2/asm/asm/9.1/asm-9.1.jar:/home/tung/be-web-faq/apigatewayservice/repository/org/slf4j/slf4j-api/2.0.4/slf4j-api-2.0.4.jar:/home/tung/be-web-faq/apigatewayservice/repository/jakarta/xml/bind/jakarta.xml.bind-api/4.0.0/jakarta.xml.bind-api-4.0.0.jar:/home/tung/be-web-faq/apigatewayservice/repository/jakarta/activation/jakarta.activation-api/2.1.0/jakarta.activation-api-2.1.0.jar:/home/tung/be-web-faq/apigatewayservice/repository/org/assertj/assertj-core/3.23.1/assertj-core-3.23.1.jar:/home/tung/be-web-faq/apigatewayservice/repository/net/bytebuddy/byte-buddy/1.12.19/byte-buddy-1.12.19.jar:/home/tung/be-web-faq/apigatewayservice/repository/org/hamcrest/hamcrest/2.2/hamcrest-2.2.jar:/home/tung/be-web-faq/apigatewayservice/repository/org/junit/jupiter/junit-jupiter/5.9.1/junit-jupiter-5.9.1.jar:/home/tung/be-web-faq/apigatewayservice/repository/org/junit/jupiter/junit-jupiter-api/5.9.1/junit-jupiter-api-5.9.1.jar:/home/tung/be-web-faq/apigatewayservice/repository/org/opentest4j/opentest4j/1.2.0/opentest4j-1.2.0.jar:/home/tung/be-web-faq/apigatewayservice/repository/org/junit/platform/junit-platform-commons/1.9.1/junit-platform-commons-1.9.1.jar:/home/tung/be-web-faq/apigatewayservice/repository/org/apiguardian/apiguardian-api/1.1.2/apiguardian-api-1.1.2.jar:/home/tung/be-web-faq/apigatewayservice/repository/org/junit/jupiter/junit-jupiter-params/5.9.1/junit-jupiter-params-5.9.1.jar:/home/tung/be-web-faq/apigatewayservice/repository/org/junit/jupiter/junit-jupiter-engine/5.9.1/junit-jupiter-engine-5.9.1.jar:/home/tung/be-web-faq/apigatewayservice/repository/org/junit/platform/junit-platform-engine/1.9.1/junit-platform-engine-1.9.1.jar:/home/tung/be-web-faq/apigatewayservice/repository/org/mockito/mockito-core/4.8.1/mockito-core-4.8.1.jar:/home/tung/be-web-faq/apigatewayservice/repository/net/bytebuddy/byte-buddy-agent/1.12.19/byte-buddy-agent-1.12.19.jar:/home/tung/be-web-faq/apigatewayservice/repository/org/objenesis/objenesis/3.2/objenesis-3.2.jar:/home/tung/be-web-faq/apigatewayservice/repository/org/mockito/mockito-junit-jupiter/4.8.1/mockito-junit-jupiter-4.8.1.jar:/home/tung/be-web-faq/apigatewayservice/repository/org/skyscreamer/jsonassert/1.5.1/jsonassert-1.5.1.jar:/home/tung/be-web-faq/apigatewayservice/repository/com/vaadin/external/google/android-json/0.0.20131108.vaadin1/android-json-0.0.20131108.vaadin1.jar:/home/tung/be-web-faq/apigatewayservice/repository/org/springframework/spring-core/6.0.2/spring-core-6.0.2.jar:/home/tung/be-web-faq/apigatewayservice/repository/org/springframework/spring-jcl/6.0.2/spring-jcl-6.0.2.jar:/home/tung/be-web-faq/apigatewayservice/repository/org/springframework/spring-test/6.0.2/spring-test-6.0.2.jar:/home/tung/be-web-faq/apigatewayservice/repository/org/xmlunit/xmlunit-core/2.9.0/xmlunit-core-2.9.0.jar:/home/tung/be-web-faq/apigatewayservice/repository/org/springframework/boot/spring-boot-starter-actuator/3.0.0/spring-boot-starter-actuator-3.0.0.jar:/home/tung/be-web-faq/apigatewayservice/repository/org/springframework/boot/spring-boot-actuator-autoconfigure/3.0.0/spring-boot-actuator-autoconfigure-3.0.0.jar:/home/tung/be-web-faq/apigatewayservice/repository/org/springframework/boot/spring-boot-actuator/3.0.0/spring-boot-actuator-3.0.0.jar:/home/tung/be-web-faq/apigatewayservice/repository/com/fasterxml/jackson/core/jackson-databind/2.14.1/jackson-databind-2.14.1.jar:/home/tung/be-web-faq/apigatewayservice/repository/com/fasterxml/jackson/core/jackson-annotations/2.14.1/jackson-annotations-2.14.1.jar:/home/tung/be-web-faq/apigatewayservice/repository/com/fasterxml/jackson/core/jackson-core/2.14.1/jackson-core-2.14.1.jar:/home/tung/be-web-faq/apigatewayservice/repository/com/fasterxml/jackson/datatype/jackson-datatype-jsr310/2.14.1/jackson-datatype-jsr310-2.14.1.jar:/home/tung/be-web-faq/apigatewayservice/repository/io/micrometer/micrometer-observation/1.10.2/micrometer-observation-1.10.2.jar:/home/tung/be-web-faq/apigatewayservice/repository/io/micrometer/micrometer-commons/1.10.2/micrometer-commons-1.10.2.jar:/home/tung/be-web-faq/apigatewayservice/repository/io/micrometer/micrometer-core/1.10.2/micrometer-core-1.10.2.jar:/home/tung/be-web-faq/apigatewayservice/repository/org/hdrhistogram/HdrHistogram/2.1.12/HdrHistogram-2.1.12.jar:/home/tung/be-web-faq/apigatewayservice/repository/org/latencyutils/LatencyUtils/2.0.3/LatencyUtils-2.0.3.jar:"/>
    <property name="java.vm.vendor" value="Private Build"/>
    <property name="sun.arch.data.model" value="64"/>
    <property name="java.vendor.url" value="Unknown"/>
    <property name="os.name" value="Linux"/>
    <property name="java.vm.specification.version" value="19"/>
    <property name="sun.java.launcher" value="SUN_STANDARD"/>
    <property name="user.country" value="VN"/>
    <property name="sun.boot.library.path" value="/usr/lib/jvm/java-19-openjdk-amd64/lib"/>
    <property name="sun.java.command" value="/home/tung/be-web-faq/apigatewayservice/target/surefire/surefirebooter11385032058344590667.jar /home/tung/be-web-faq/apigatewayservice/target/surefire 2022-12-24T16-38-30_515-jvmRun1 surefire13009527130051332761tmp surefire_09483569345197010803tmp"/>
    <property name="jdk.debug" value="release"/>
    <property name="surefire.test.class.path" value="/home/tung/be-web-faq/apigatewayservice/target/test-classes:/home/tung/be-web-faq/apigatewayservice/target/classes:/home/tung/be-web-faq/apigatewayservice/repository/org/springframework/cloud/spring-cloud-starter-gateway/4.0.0-RC2/spring-cloud-starter-gateway-4.0.0-RC2.jar:/home/tung/be-web-faq/apigatewayservice/repository/org/springframework/cloud/spring-cloud-starter/4.0.0-RC2/spring-cloud-starter-4.0.0-RC2.jar:/home/tung/be-web-faq/apigatewayservice/repository/org/springframework/cloud/spring-cloud-context/4.0.0-RC2/spring-cloud-context-4.0.0-RC2.jar:/home/tung/be-web-faq/apigatewayservice/repository/org/springframework/security/spring-security-crypto/6.0.0/spring-security-crypto-6.0.0.jar:/home/tung/be-web-faq/apigatewayservice/repository/org/springframework/cloud/spring-cloud-commons/4.0.0-RC2/spring-cloud-commons-4.0.0-RC2.jar:/home/tung/be-web-faq/apigatewayservice/repository/org/springframework/security/spring-security-rsa/1.0.11.RELEASE/spring-security-rsa-1.0.11.RELEASE.jar:/home/tung/be-web-faq/apigatewayservice/repository/org/bouncycastle/bcpkix-jdk15on/1.69/bcpkix-jdk15on-1.69.jar:/home/tung/be-web-faq/apigatewayservice/repository/org/bouncycastle/bcprov-jdk15on/1.69/bcprov-jdk15on-1.69.jar:/home/tung/be-web-faq/apigatewayservice/repository/org/bouncycastle/bcutil-jdk15on/1.69/bcutil-jdk15on-1.69.jar:/home/tung/be-web-faq/apigatewayservice/repository/org/springframework/cloud/spring-cloud-gateway-server/4.0.0-RC2/spring-cloud-gateway-server-4.0.0-RC2.jar:/home/tung/be-web-faq/apigatewayservice/repository/org/springframework/boot/spring-boot-starter-validation/3.0.0/spring-boot-starter-validation-3.0.0.jar:/home/tung/be-web-faq/apigatewayservice/repository/org/apache/tomcat/embed/tomcat-embed-el/10.1.1/tomcat-embed-el-10.1.1.jar:/home/tung/be-web-faq/apigatewayservice/repository/org/hibernate/validator/hibernate-validator/8.0.0.Final/hibernate-validator-8.0.0.Final.jar:/home/tung/be-web-faq/apigatewayservice/repository/jakarta/validation/jakarta.validation-api/3.0.2/jakarta.validation-api-3.0.2.jar:/home/tung/be-web-faq/apigatewayservice/repository/org/jboss/logging/jboss-logging/3.5.0.Final/jboss-logging-3.5.0.Final.jar:/home/tung/be-web-faq/apigatewayservice/repository/com/fasterxml/classmate/1.5.1/classmate-1.5.1.jar:/home/tung/be-web-faq/apigatewayservice/repository/io/projectreactor/addons/reactor-extra/3.5.0/reactor-extra-3.5.0.jar:/home/tung/be-web-faq/apigatewayservice/repository/io/projectreactor/reactor-core/3.5.0/reactor-core-3.5.0.jar:/home/tung/be-web-faq/apigatewayservice/repository/org/reactivestreams/reactive-streams/1.0.4/reactive-streams-1.0.4.jar:/home/tung/be-web-faq/apigatewayservice/repository/org/springframework/boot/spring-boot-starter-webflux/3.0.0/spring-boot-starter-webflux-3.0.0.jar:/home/tung/be-web-faq/apigatewayservice/repository/org/springframework/boot/spring-boot-starter-json/3.0.0/spring-boot-starter-json-3.0.0.jar:/home/tung/be-web-faq/apigatewayservice/repository/com/fasterxml/jackson/datatype/jackson-datatype-jdk8/2.14.1/jackson-datatype-jdk8-2.14.1.jar:/home/tung/be-web-faq/apigatewayservice/repository/com/fasterxml/jackson/module/jackson-module-parameter-names/2.14.1/jackson-module-parameter-names-2.14.1.jar:/home/tung/be-web-faq/apigatewayservice/repository/org/springframework/boot/spring-boot-starter-reactor-netty/3.0.0/spring-boot-starter-reactor-netty-3.0.0.jar:/home/tung/be-web-faq/apigatewayservice/repository/io/projectreactor/netty/reactor-netty-http/1.1.0/reactor-netty-http-1.1.0.jar:/home/tung/be-web-faq/apigatewayservice/repository/io/netty/netty-codec-http/4.1.85.Final/netty-codec-http-4.1.85.Final.jar:/home/tung/be-web-faq/apigatewayservice/repository/io/netty/netty-common/4.1.85.Final/netty-common-4.1.85.Final.jar:/home/tung/be-web-faq/apigatewayservice/repository/io/netty/netty-buffer/4.1.85.Final/netty-buffer-4.1.85.Final.jar:/home/tung/be-web-faq/apigatewayservice/repository/io/netty/netty-transport/4.1.85.Final/netty-transport-4.1.85.Final.jar:/home/tung/be-web-faq/apigatewayservice/repository/io/netty/netty-codec/4.1.85.Final/netty-codec-4.1.85.Final.jar:/home/tung/be-web-faq/apigatewayservice/repository/io/netty/netty-handler/4.1.85.Final/netty-handler-4.1.85.Final.jar:/home/tung/be-web-faq/apigatewayservice/repository/io/netty/netty-codec-http2/4.1.85.Final/netty-codec-http2-4.1.85.Final.jar:/home/tung/be-web-faq/apigatewayservice/repository/io/netty/netty-resolver-dns/4.1.85.Final/netty-resolver-dns-4.1.85.Final.jar:/home/tung/be-web-faq/apigatewayservice/repository/io/netty/netty-resolver/4.1.85.Final/netty-resolver-4.1.85.Final.jar:/home/tung/be-web-faq/apigatewayservice/repository/io/netty/netty-codec-dns/4.1.85.Final/netty-codec-dns-4.1.85.Final.jar:/home/tung/be-web-faq/apigatewayservice/repository/io/netty/netty-resolver-dns-native-macos/4.1.85.Final/netty-resolver-dns-native-macos-4.1.85.Final-osx-x86_64.jar:/home/tung/be-web-faq/apigatewayservice/repository/io/netty/netty-resolver-dns-classes-macos/4.1.85.Final/netty-resolver-dns-classes-macos-4.1.85.Final.jar:/home/tung/be-web-faq/apigatewayservice/repository/io/netty/netty-transport-native-epoll/4.1.85.Final/netty-transport-native-epoll-4.1.85.Final-linux-x86_64.jar:/home/tung/be-web-faq/apigatewayservice/repository/io/netty/netty-transport-native-unix-common/4.1.85.Final/netty-transport-native-unix-common-4.1.85.Final.jar:/home/tung/be-web-faq/apigatewayservice/repository/io/netty/netty-transport-classes-epoll/4.1.85.Final/netty-transport-classes-epoll-4.1.85.Final.jar:/home/tung/be-web-faq/apigatewayservice/repository/io/projectreactor/netty/reactor-netty-core/1.1.0/reactor-netty-core-1.1.0.jar:/home/tung/be-web-faq/apigatewayservice/repository/io/netty/netty-handler-proxy/4.1.85.Final/netty-handler-proxy-4.1.85.Final.jar:/home/tung/be-web-faq/apigatewayservice/repository/io/netty/netty-codec-socks/4.1.85.Final/netty-codec-socks-4.1.85.Final.jar:/home/tung/be-web-faq/apigatewayservice/repository/org/springframework/spring-web/6.0.2/spring-web-6.0.2.jar:/home/tung/be-web-faq/apigatewayservice/repository/org/springframework/spring-beans/6.0.2/spring-beans-6.0.2.jar:/home/tung/be-web-faq/apigatewayservice/repository/org/springframework/spring-webflux/6.0.2/spring-webflux-6.0.2.jar:/home/tung/be-web-faq/apigatewayservice/repository/org/springframework/boot/spring-boot-starter-test/3.0.0/spring-boot-starter-test-3.0.0.jar:/home/tung/be-web-faq/apigatewayservice/repository/org/springframework/boot/spring-boot-starter/3.0.0/spring-boot-starter-3.0.0.jar:/home/tung/be-web-faq/apigatewayservice/repository/org/springframework/boot/spring-boot/3.0.0/spring-boot-3.0.0.jar:/home/tung/be-web-faq/apigatewayservice/repository/org/springframework/spring-context/6.0.2/spring-context-6.0.2.jar:/home/tung/be-web-faq/apigatewayservice/repository/org/springframework/spring-aop/6.0.2/spring-aop-6.0.2.jar:/home/tung/be-web-faq/apigatewayservice/repository/org/springframework/spring-expression/6.0.2/spring-expression-6.0.2.jar:/home/tung/be-web-faq/apigatewayservice/repository/org/springframework/boot/spring-boot-autoconfigure/3.0.0/spring-boot-autoconfigure-3.0.0.jar:/home/tung/be-web-faq/apigatewayservice/repository/org/springframework/boot/spring-boot-starter-logging/3.0.0/spring-boot-starter-logging-3.0.0.jar:/home/tung/be-web-faq/apigatewayservice/repository/ch/qos/logback/logback-classic/1.4.5/logback-classic-1.4.5.jar:/home/tung/be-web-faq/apigatewayservice/repository/ch/qos/logback/logback-core/1.4.5/logback-core-1.4.5.jar:/home/tung/be-web-faq/apigatewayservice/repository/org/apache/logging/log4j/log4j-to-slf4j/2.19.0/log4j-to-slf4j-2.19.0.jar:/home/tung/be-web-faq/apigatewayservice/repository/org/apache/logging/log4j/log4j-api/2.19.0/log4j-api-2.19.0.jar:/home/tung/be-web-faq/apigatewayservice/repository/org/slf4j/jul-to-slf4j/2.0.4/jul-to-slf4j-2.0.4.jar:/home/tung/be-web-faq/apigatewayservice/repository/jakarta/annotation/jakarta.annotation-api/2.1.1/jakarta.annotation-api-2.1.1.jar:/home/tung/be-web-faq/apigatewayservice/repository/org/yaml/snakeyaml/1.33/snakeyaml-1.33.jar:/home/tung/be-web-faq/apigatewayservice/repository/org/springframework/boot/spring-boot-test/3.0.0/spring-boot-test-3.0.0.jar:/home/tung/be-web-faq/apigatewayservice/repository/org/springframework/boot/spring-boot-test-autoconfigure/3.0.0/spring-boot-test-autoconfigure-3.0.0.jar:/home/tung/be-web-faq/apigatewayservice/repository/com/jayway/jsonpath/json-path/2.7.0/json-path-2.7.0.jar:/home/tung/be-web-faq/apigatewayservice/repository/net/minidev/json-smart/2.4.8/json-smart-2.4.8.jar:/home/tung/be-web-faq/apigatewayservice/repository/net/minidev/accessors-smart/2.4.8/accessors-smart-2.4.8.jar:/home/tung/be-web-faq/apigatewayservice/repository/org/ow2/asm/asm/9.1/asm-9.1.jar:/home/tung/be-web-faq/apigatewayservice/repository/org/slf4j/slf4j-api/2.0.4/slf4j-api-2.0.4.jar:/home/tung/be-web-faq/apigatewayservice/repository/jakarta/xml/bind/jakarta.xml.bind-api/4.0.0/jakarta.xml.bind-api-4.0.0.jar:/home/tung/be-web-faq/apigatewayservice/repository/jakarta/activation/jakarta.activation-api/2.1.0/jakarta.activation-api-2.1.0.jar:/home/tung/be-web-faq/apigatewayservice/repository/org/assertj/assertj-core/3.23.1/assertj-core-3.23.1.jar:/home/tung/be-web-faq/apigatewayservice/repository/net/bytebuddy/byte-buddy/1.12.19/byte-buddy-1.12.19.jar:/home/tung/be-web-faq/apigatewayservice/repository/org/hamcrest/hamcrest/2.2/hamcrest-2.2.jar:/home/tung/be-web-faq/apigatewayservice/repository/org/junit/jupiter/junit-jupiter/5.9.1/junit-jupiter-5.9.1.jar:/home/tung/be-web-faq/apigatewayservice/repository/org/junit/jupiter/junit-jupiter-api/5.9.1/junit-jupiter-api-5.9.1.jar:/home/tung/be-web-faq/apigatewayservice/repository/org/opentest4j/opentest4j/1.2.0/opentest4j-1.2.0.jar:/home/tung/be-web-faq/apigatewayservice/repository/org/junit/platform/junit-platform-commons/1.9.1/junit-platform-commons-1.9.1.jar:/home/tung/be-web-faq/apigatewayservice/repository/org/apiguardian/apiguardian-api/1.1.2/apiguardian-api-1.1.2.jar:/home/tung/be-web-faq/apigatewayservice/repository/org/junit/jupiter/junit-jupiter-params/5.9.1/junit-jupiter-params-5.9.1.jar:/home/tung/be-web-faq/apigatewayservice/repository/org/junit/jupiter/junit-jupiter-engine/5.9.1/junit-jupiter-engine-5.9.1.jar:/home/tung/be-web-faq/apigatewayservice/repository/org/junit/platform/junit-platform-engine/1.9.1/junit-platform-engine-1.9.1.jar:/home/tung/be-web-faq/apigatewayservice/repository/org/mockito/mockito-core/4.8.1/mockito-core-4.8.1.jar:/home/tung/be-web-faq/apigatewayservice/repository/net/bytebuddy/byte-buddy-agent/1.12.19/byte-buddy-agent-1.12.19.jar:/home/tung/be-web-faq/apigatewayservice/repository/org/objenesis/objenesis/3.2/objenesis-3.2.jar:/home/tung/be-web-faq/apigatewayservice/repository/org/mockito/mockito-junit-jupiter/4.8.1/mockito-junit-jupiter-4.8.1.jar:/home/tung/be-web-faq/apigatewayservice/repository/org/skyscreamer/jsonassert/1.5.1/jsonassert-1.5.1.jar:/home/tung/be-web-faq/apigatewayservice/repository/com/vaadin/external/google/android-json/0.0.20131108.vaadin1/android-json-0.0.20131108.vaadin1.jar:/home/tung/be-web-faq/apigatewayservice/repository/org/springframework/spring-core/6.0.2/spring-core-6.0.2.jar:/home/tung/be-web-faq/apigatewayservice/repository/org/springframework/spring-jcl/6.0.2/spring-jcl-6.0.2.jar:/home/tung/be-web-faq/apigatewayservice/repository/org/springframework/spring-test/6.0.2/spring-test-6.0.2.jar:/home/tung/be-web-faq/apigatewayservice/repository/org/xmlunit/xmlunit-core/2.9.0/xmlunit-core-2.9.0.jar:/home/tung/be-web-faq/apigatewayservice/repository/org/springframework/boot/spring-boot-starter-actuator/3.0.0/spring-boot-starter-actuator-3.0.0.jar:/home/tung/be-web-faq/apigatewayservice/repository/org/springframework/boot/spring-boot-actuator-autoconfigure/3.0.0/spring-boot-actuator-autoconfigure-3.0.0.jar:/home/tung/be-web-faq/apigatewayservice/repository/org/springframework/boot/spring-boot-actuator/3.0.0/spring-boot-actuator-3.0.0.jar:/home/tung/be-web-faq/apigatewayservice/repository/com/fasterxml/jackson/core/jackson-databind/2.14.1/jackson-databind-2.14.1.jar:/home/tung/be-web-faq/apigatewayservice/repository/com/fasterxml/jackson/core/jackson-annotations/2.14.1/jackson-annotations-2.14.1.jar:/home/tung/be-web-faq/apigatewayservice/repository/com/fasterxml/jackson/core/jackson-core/2.14.1/jackson-core-2.14.1.jar:/home/tung/be-web-faq/apigatewayservice/repository/com/fasterxml/jackson/datatype/jackson-datatype-jsr310/2.14.1/jackson-datatype-jsr310-2.14.1.jar:/home/tung/be-web-faq/apigatewayservice/repository/io/micrometer/micrometer-observation/1.10.2/micrometer-observation-1.10.2.jar:/home/tung/be-web-faq/apigatewayservice/repository/io/micrometer/micrometer-commons/1.10.2/micrometer-commons-1.10.2.jar:/home/tung/be-web-faq/apigatewayservice/repository/io/micrometer/micrometer-core/1.10.2/micrometer-core-1.10.2.jar:/home/tung/be-web-faq/apigatewayservice/repository/org/hdrhistogram/HdrHistogram/2.1.12/HdrHistogram-2.1.12.jar:/home/tung/be-web-faq/apigatewayservice/repository/org/latencyutils/LatencyUtils/2.0.3/LatencyUtils-2.0.3.jar:"/>
    <property name="sun.cpu.endian" value="little"/>
    <property name="user.home" value="/root"/>
    <property name="user.language" value="vi"/>
    <property name="java.specification.vendor" value="Oracle Corporation"/>
    <property name="java.version.date" value="2022-10-18"/>
    <property name="java.home" value="/usr/lib/jvm/java-19-openjdk-amd64"/>
    <property name="file.separator" value="/"/>
    <property name="basedir" value="/home/tung/be-web-faq/apigatewayservice"/>
    <property name="java.vm.compressedOopsMode" value="32-bit"/>
    <property name="line.separator" value="&#10;"/>
    <property name="java.specification.name" value="Java Platform API Specification"/>
    <property name="java.vm.specification.vendor" value="Oracle Corporation"/>
    <property name="surefire.real.class.path" value="/home/tung/be-web-faq/apigatewayservice/target/surefire/surefirebooter11385032058344590667.jar"/>
    <property name="sun.management.compiler" value="HotSpot 64-Bit Tiered Compilers"/>
    <property name="java.runtime.version" value="19.0.1+10-Ubuntu-1ubuntu122.04"/>
    <property name="user.name" value="root"/>
    <property name="stdout.encoding" value="UTF-8"/>
    <property name="path.separator" value=":"/>
    <property name="os.version" value="5.15.79.1-microsoft-standard-WSL2"/>
    <property name="java.runtime.name" value="OpenJDK Runtime Environment"/>
    <property name="file.encoding" value="UTF-8"/>
    <property name="java.vm.name" value="OpenJDK 64-Bit Server VM"/>
    <property name="localRepository" value="/home/tung/be-web-faq/apigatewayservice/repository"/>
    <property name="java.vendor.url.bug" value="Unknown"/>
    <property name="java.io.tmpdir" value="/tmp"/>
    <property name="java.version" value="19.0.1"/>
    <property name="user.dir" value="/home/tung/be-web-faq/apigatewayservice"/>
    <property name="os.arch" value="amd64"/>
    <property name="java.vm.specification.name" value="Java Virtual Machine Specification"/>
    <property name="native.encoding" value="UTF-8"/>
    <property name="java.library.path" value="/usr/java/packages/lib:/usr/lib/x86_64-linux-gnu/jni:/lib/x86_64-linux-gnu:/usr/lib/x86_64-linux-gnu:/usr/lib/jni:/lib:/usr/lib"/>
    <property name="java.vm.info" value="mixed mode, sharing"/>
    <property name="stderr.encoding" value="UTF-8"/>
    <property name="java.vendor" value="Private Build"/>
    <property name="java.vm.version" value="19.0.1+10-Ubuntu-1ubuntu122.04"/>
    <property name="sun.io.unicode.encoding" value="UnicodeLittle"/>
    <property name="maven.repo.local" value="repository"/>
    <property name="java.class.version" value="63.0"/>
  </properties>
  <testcase name="contextLoads" classname="com.uni.ApiGatewayApplicationTests" time="0.262"/>
</testsuite>